2024-08-28 22:56:25,735 - base_api.py - 54 - INFO - request data:
{
  "request headers": {
    "content-type": "application/json",
    "17token": "DA190E654BBA9BD99904D8F52B802627"
  },
  "request url": "https://api.17track.net/track/v2.2/register",
  "request params": {},
  "request data": [],
  "request json": [
    {
      "number": "00340434715962515096"
    }
  ]
}
2024-08-28 22:56:25,735 - base_api.py - 57 - INFO - response statusCode: 200, response data:
{
  "code": 0,
  "data": {
    "accepted": [
      {
        "origin": 3,
        "number": "00340434715962515096",
        "email": null,
        "lang": null,
        "carrier": 7041
      }
    ],
    "rejected": []
  }
}
2024-08-28 22:56:25,770 - base_api.py - 54 - INFO - request data:
{
  "request headers": {
    "content-type": "application/json",
    "17token": "DA190E654BBA9BD99904D8F52B802627"
  },
  "request url": "https://api.17track.net/track/v2.2/gettrackinfo",
  "request params": {},
  "request data": [],
  "request json": [
    {
      "number": "00340434715962515096"
    }
  ]
}
2024-08-28 22:56:25,770 - base_api.py - 57 - INFO - response statusCode: 200, response data:
{
  "code": 0,
  "data": {
    "accepted": [],
    "rejected": [
      {
        "number": "00340434715962515096",
        "error": {
          "code": -18019909,
          "message": "No tracking information at this time."
        }
      }
    ]
  }
}
2024-08-28 22:57:16,779 - base_api.py - 54 - INFO - request data:
{
  "request headers": {
    "content-type": "application/json",
    "17token": "DA190E654BBA9BD99904D8F52B802627"
  },
  "request url": "https://api.17track.net/track/v2.2/register",
  "request params": {},
  "request data": [],
  "request json": [
    {
      "number": "1ZF203H80313920646"
    }
  ]
}
2024-08-28 22:57:16,779 - base_api.py - 57 - INFO - response statusCode: 200, response data:
{
  "code": 0,
  "data": {
    "accepted": [
      {
        "origin": 3,
        "number": "1ZF203H80313920646",
        "email": null,
        "lang": null,
        "carrier": 100002
      }
    ],
    "rejected": []
  }
}
2024-08-28 22:57:16,825 - base_api.py - 54 - INFO - request data:
{
  "request headers": {
    "content-type": "application/json",
    "17token": "DA190E654BBA9BD99904D8F52B802627"
  },
  "request url": "https://api.17track.net/track/v2.2/gettrackinfo",
  "request params": {},
  "request data": [],
  "request json": [
    {
      "number": "1ZF203H80313920646"
    }
  ]
}
2024-08-28 22:57:16,825 - base_api.py - 57 - INFO - response statusCode: 200, response data:
{
  "code": 0,
  "data": {
    "accepted": [],
    "rejected": [
      {
        "number": "1ZF203H80313920646",
        "error": {
          "code": -18019909,
          "message": "No tracking information at this time."
        }
      }
    ]
  }
}
2024-08-28 22:57:30,684 - base_api.py - 54 - INFO - request data:
{
  "request headers": {
    "content-type": "application/json",
    "17token": "DA190E654BBA9BD99904D8F52B802627"
  },
  "request url": "https://api.17track.net/track/v2.2/register",
  "request params": {},
  "request data": [],
  "request json": [
    {
      "number": "1ZF203H80313920646"
    }
  ]
}
2024-08-28 22:57:30,684 - base_api.py - 57 - INFO - response statusCode: 200, response data:
{
  "code": 0,
  "data": {
    "accepted": [],
    "rejected": [
      {
        "number": "1ZF203H80313920646",
        "error": {
          "code": -18019901,
          "message": "The tracking number '1ZF203H80313920646' has been registered, don't need to repeat registration."
        }
      }
    ]
  }
}
2024-08-28 22:57:30,725 - base_api.py - 54 - INFO - request data:
{
  "request headers": {
    "content-type": "application/json",
    "17token": "DA190E654BBA9BD99904D8F52B802627"
  },
  "request url": "https://api.17track.net/track/v2.2/gettrackinfo",
  "request params": {},
  "request data": [],
  "request json": [
    {
      "number": "1ZF203H80313920646"
    }
  ]
}
2024-08-28 22:57:30,726 - base_api.py - 57 - INFO - response statusCode: 200, response data:
{
  "code": 0,
  "data": {
    "accepted": [
      {
        "number": "1ZF203H80313920646",
        "carrier": 100002,
        "param": null,
        "tag": null,
        "track_info": {
          "shipping_info": {
            "shipper_address": {
              "country": "US",
              "state": "CA",
              "city": "ONTARIO",
              "street": null,
              "postal_code": "917624262",
              "coordinates": {
                "longitude": null,
                "latitude": null
              }
            },
            "recipient_address": {
              "country": "US",
              "state": "GA",
              "city": "HINESVILLE",
              "street": null,
              "postal_code": "31313",
              "coordinates": {
                "longitude": null,
                "latitude": null
              }
            }
          },
          "latest_status": {
            "status": "Delivered",
            "sub_status": "Delivered_Other",
            "sub_status_descr": null
          },
          "latest_event": {
            "time_iso": "2024-08-15T19:00:50-04:00",
            "time_utc": "2024-08-15T23:00:50Z",
            "time_raw": {
              "date": "2024-08-15",
              "time": "19:00:50",
              "timezone": "-04:00"
            },
            "description": "Delivered",
            "location": "HINESVILLE, GA, US",
            "stage": "Delivered",
            "sub_status": "Delivered_Other",
            "address": {
              "country": "US",
              "state": "GA",
              "city": "HINESVILLE",
              "street": null,
              "postal_code": "31313",
              "coordinates": {
                "longitude": null,
                "latitude": null
              }
            }
          },
          "time_metrics": {
            "days_after_order": 17,
            "days_of_transit": 8,
            "days_of_transit_done": 8,
            "days_after_last_update": 0,
            "estimated_delivery_date": {
              "source": null,
              "from": null,
              "to": null
            }
          },
          "milestone": [
            {
              "key_stage": "InfoReceived",
              "time_iso": "2024-07-29T23:40:16-07:00",
              "time_utc": "2024-07-30T06:40:16Z",
              "time_raw": {
                "date": "2024-07-29",
                "time": "23:40:16",
                "timezone": "-07:00"
              }
            },
            {
              "key_stage": "PickedUp",
              "time_iso": "2024-08-08T13:20:00-07:00",
              "time_utc": "2024-08-08T20:20:00Z",
              "time_raw": {
                "date": "2024-08-08",
                "time": "13:20:00",
                "timezone": "-07:00"
              }
            },
            {
              "key_stage": "Departure",
              "time_iso": null,
              "time_utc": null,
              "time_raw": {
                "date": null,
                "time": null,
                "timezone": null
              }
            },
            {
              "key_stage": "Arrival",
              "time_iso": null,
              "time_utc": null,
              "time_raw": {
                "date": null,
                "time": null,
                "timezone": null
              }
            },
            {
              "key_stage": "AvailableForPickup",
              "time_iso": null,
              "time_utc": null,
              "time_raw": {
                "date": null,
                "time": null,
                "timezone": null
              }
            },
            {
              "key_stage": "OutForDelivery",
              "time_iso": "2024-08-15T10:17:45-04:00",
              "time_utc": "2024-08-15T14:17:45Z",
              "time_raw": {
                "date": "2024-08-15",
                "time": "10:17:45",
                "timezone": "-04:00"
              }
            },
            {
              "key_stage": "Delivered",
              "time_iso": "2024-08-15T19:00:50-04:00",
              "time_utc": "2024-08-15T23:00:50Z",
              "time_raw": {
                "date": "2024-08-15",
                "time": "19:00:50",
                "timezone": "-04:00"
              }
            },
            {
              "key_stage": "Returning",
              "time_iso": null,
              "time_utc": null,
              "time_raw": {
                "date": null,
                "time": null,
                "timezone": null
              }
            },
            {
              "key_stage": "Returned",
              "time_iso": null,
              "time_utc": null,
              "time_raw": {
                "date": null,
                "time": null,
                "timezone": null
              }
            }
          ],
          "misc_info": {
            "risk_factor": 0,
            "service_type": "UPS Ground",
            "weight_raw": "6.00LBS",
            "weight_kg": "2.72",
            "pieces": null,
            "dimensions": null,
            "customer_number": null,
            "reference_number": "2701332572",
            "local_number": null,
            "local_provider": null,
            "local_key": 0
          },
          "tracking": {
            "providers_hash": 891383188,
            "providers": [
              {
                "provider": {
                  "key": 100002,
                  "name": "UPS",
                  "alias": "UPS",
                  "tel": "+1 (800) 742-5877",
                  "homepage": "https://www.ups.com/",
                  "country": "US"
                },
                "provider_lang": null,
                "service_type": "UPS Ground",
                "latest_sync_status": "Success",
                "latest_sync_time": "2024-08-28T14:57:32Z",
                "events_hash": -1966095217,
                "events": [
                  {
                    "time_iso": "2024-08-15T19:00:50-04:00",
                    "time_utc": "2024-08-15T23:00:50Z",
                    "time_raw": {
                      "date": "2024-08-15",
                      "time": "19:00:50",
                      "timezone": "-04:00"
                    },
                    "description": "Delivered",
                    "location": "HINESVILLE, GA, US",
                    "stage": "Delivered",
                    "sub_status": "Delivered_Other",
                    "address": {
                      "country": "US",
                      "state": "GA",
                      "city": "HINESVILLE",
                      "street": null,
                      "postal_code": "31313",
                      "coordinates": {
                        "longitude": null,
                        "latitude": null
                      }
                    }
                  },
                  {
                    "time_iso": "2024-08-15T10:17:45-04:00",
                    "time_utc": "2024-08-15T14:17:45Z",
                    "time_raw": {
                      "date": "2024-08-15",
                      "time": "10:17:45",
                      "timezone": "-04:00"
                    },
                    "description": "Out For Delivery Today",
                    "location": "Savannah, GA, US",
                    "stage": "OutForDelivery",
                    "sub_status": "OutForDelivery_Other",
                    "address": {
                      "country": "US",
                      "state": "GA",
                      "city": "Savannah",
                      "street": null,
                      "postal_code": null,
                      "coordinates": {
                        "longitude": null,
                        "latitude": null
                      }
                    }
                  },
                  {
                    "time_iso": "2024-08-15T05:45:24-04:00",
                    "time_utc": "2024-08-15T09:45:24Z",
                    "time_raw": {
                      "date": "2024-08-15",
                      "time": "05:45:24",
                      "timezone": "-04:00"
                    },
                    "description": "Processing at UPS Facility",
                    "location": "Savannah, GA, US",
                    "stage": null,
                    "sub_status": "InTransit_Other",
                    "address": {
                      "country": "US",
                      "state": "GA",
                      "city": "Savannah",
                      "street": null,
                      "postal_code": null,
                      "coordinates": {
                        "longitude": null,
                        "latitude": null
                      }
                    }
                  },
                  {
                    "time_iso": "2024-08-14T21:10:00-04:00",
                    "time_utc": "2024-08-15T01:10:00Z",
                    "time_raw": {
                      "date": "2024-08-14",
                      "time": "21:10:00",
                      "timezone": "-04:00"
                    },
                    "description": "Arrived at Facility",
                    "location": "Savannah, GA, US",
                    "stage": null,
                    "sub_status": "InTransit_Other",
                    "address": {
                      "country": "US",
                      "state": "GA",
                      "city": "Savannah",
                      "street": null,
                      "postal_code": null,
                      "coordinates": {
                        "longitude": null,
                        "latitude": null
                      }
                    }
                  },
                  {
                    "time_iso": "2024-08-14T19:39:00-04:00",
                    "time_utc": "2024-08-14T23:39:00Z",
                    "time_raw": {
                      "date": "2024-08-14",
                      "time": "19:39:00",
                      "timezone": "-04:00"
                    },
                    "description": "Departed from Facility",
                    "location": "Brunswick, GA, US",
                    "stage": null,
                    "sub_status": "InTransit_Other",
                    "address": {
                      "country": "US",
                      "state": "GA",
                      "city": "Brunswick",
                      "street": null,
                      "postal_code": null,
                      "coordinates": {
                        "longitude": null,
                        "latitude": null
                      }
                    }
                  },
                  {
                    "time_iso": "2024-08-14T19:02:00-04:00",
                    "time_utc": "2024-08-14T23:02:00Z",
                    "time_raw": {
                      "date": "2024-08-14",
                      "time": "19:02:00",
                      "timezone": "-04:00"
                    },
                    "description": "Arrived at Facility",
                    "location": "Brunswick, GA, US",
                    "stage": null,
                    "sub_status": "InTransit_Other",
                    "address": {
                      "country": "US",
                      "state": "GA",
                      "city": "Brunswick",
                      "street": null,
                      "postal_code": null,
                      "coordinates": {
                        "longitude": null,
                        "latitude": null
                      }
                    }
                  },
                  {
                    "time_iso": "2024-08-14T17:20:00-04:00",
                    "time_utc": "2024-08-14T21:20:00Z",
                    "time_raw": {
                      "date": "2024-08-14",
                      "time": "17:20:00",
                      "timezone": "-04:00"
                    },
                    "description": "Departed from Facility",
                    "location": "Jacksonville, FL, US",
                    "stage": null,
                    "sub_status": "InTransit_Other",
                    "address": {
                      "country": "US",
                      "state": "FL",
                      "city": "Jacksonville",
                      "street": null,
                      "postal_code": null,
                      "coordinates": {
                        "longitude": null,
                        "latitude": null
                      }
                    }
                  },
                  {
                    "time_iso": "2024-08-13T19:17:00-04:00",
                    "time_utc": "2024-08-13T23:17:00Z",
                    "time_raw": {
                      "date": "2024-08-13",
                      "time": "19:17:00",
                      "timezone": "-04:00"
                    },
                    "description": "Arrived at Facility",
                    "location": "Jacksonville, FL, US",
                    "stage": null,
                    "sub_status": "InTransit_Other",
                    "address": {
                      "country": "US",
                      "state": "FL",
                      "city": "Jacksonville",
                      "street": null,
                      "postal_code": null,
                      "coordinates": {
                        "longitude": null,
                        "latitude": null
                      }
                    }
                  },
                  {
                    "time_iso": "2024-08-13T18:50:00-04:00",
                    "time_utc": "2024-08-13T22:50:00Z",
                    "time_raw": {
                      "date": "2024-08-13",
                      "time": "18:50:00",
                      "timezone": "-04:00"
                    },
                    "description": "Due to weather, your package is delayed by one business day.",
                    "location": null,
                    "stage": null,
                    "sub_status": "Exception_Delayed",
                    "address": {
                      "country": null,
                      "state": null,
                      "city": null,
                      "street": null,
                      "postal_code": null,
                      "coordinates": {
                        "longitude": null,
                        "latitude": null
                      }
                    }
                  },
                  {
                    "time_iso": "2024-08-09T02:56:00-07:00",
                    "time_utc": "2024-08-09T09:56:00Z",
                    "time_raw": {
                      "date": "2024-08-09",
                      "time": "02:56:00",
                      "timezone": "-07:00"
                    },
                    "description": "Departed from Facility",
                    "location": "Baldwin Park, CA, US",
                    "stage": null,
                    "sub_status": "InTransit_Other",
                    "address": {
                      "country": "US",
                      "state": "CA",
                      "city": "Baldwin Park",
                      "street": null,
                      "postal_code": null,
                      "coordinates": {
                        "longitude": null,
                        "latitude": null
                      }
                    }
                  },
                  {
                    "time_iso": "2024-08-08T20:51:28-07:00",
                    "time_utc": "2024-08-09T03:51:28Z",
                    "time_raw": {
                      "date": "2024-08-08",
                      "time": "20:51:28",
                      "timezone": "-07:00"
                    },
                    "description": "Arrived at Facility",
                    "location": "Baldwin Park, CA, US",
                    "stage": null,
                    "sub_status": "InTransit_Other",
                    "address": {
                      "country": "US",
                      "state": "CA",
                      "city": "Baldwin Park",
                      "street": null,
                      "postal_code": null,
                      "coordinates": {
                        "longitude": null,
                        "latitude": null
                      }
                    }
                  },
                  {
                    "time_iso": "2024-08-08T13:20:00-07:00",
                    "time_utc": "2024-08-08T20:20:00Z",
                    "time_raw": {
                      "date": "2024-08-08",
                      "time": "13:20:00",
                      "timezone": "-07:00"
                    },
                    "description": "Drop-Off",
                    "location": "Baldwin Park, CA, US",
                    "stage": "PickedUp",
                    "sub_status": "InTransit_PickedUp",
                    "address": {
                      "country": "US",
                      "state": "CA",
                      "city": "Baldwin Park",
                      "street": null,
                      "postal_code": null,
                      "coordinates": {
                        "longitude": null,
                        "latitude": null
                      }
                    }
                  },
                  {
                    "time_iso": "2024-07-29T23:40:16-07:00",
                    "time_utc": "2024-07-30T06:40:16Z",
                    "time_raw": {
                      "date": "2024-07-29",
                      "time": "23:40:16",
                      "timezone": "-07:00"
                    },
                    "description": "Shipper created a label, UPS has not received the package yet.",
                    "location": "US",
                    "stage": "InfoReceived",
                    "sub_status": "InfoReceived",
                    "address": {
                      "country": "US",
                      "state": null,
                      "city": null,
                      "street": null,
                      "postal_code": null,
                      "coordinates": {
                        "longitude": null,
                        "latitude": null
                      }
                    }
                  }
                ]
              }
            ]
          }
        }
      }
    ],
    "rejected": []
  }
}
