2024-08-29 23:03:32,515 - util.py - 23 - INFO - csv_files: []
2024-08-29 23:04:11,182 - util.py - 23 - INFO - csv_files: ['逊士贸易订单总览.csv']
2024-08-29 23:04:40,065 - util.py - 23 - INFO - csv_files: ['逊士贸易订单总览.csv']
2024-08-29 23:07:17,150 - util.py - 23 - INFO - csv_files: ['逊士贸易订单总览.csv']
2024-08-29 23:07:44,708 - util.py - 23 - INFO - csv_files: ['逊士贸易订单总览.csv']
2024-08-29 23:08:44,834 - util.py - 23 - INFO - csv_files: ['逊士贸易订单总览.csv']
2024-08-29 23:08:44,834 - track_and_parse.py - 121 - INFO - csv_file_path:query_logistics_tool\data\逊士贸易订单总览.csv
2024-08-29 23:10:56,724 - util.py - 23 - INFO - csv_files: ['逊士贸易订单总览.csv']
2024-08-29 23:10:56,725 - track_and_parse.py - 121 - INFO - csv_file_path:query_logistics_tool\data\逊士贸易订单总览.csv
2024-08-29 23:11:22,778 - util.py - 23 - INFO - csv_files: ['逊士贸易订单总览.csv']
2024-08-29 23:11:22,779 - track_and_parse.py - 121 - INFO - csv_file_path:query_logistics_tool/data/逊士贸易订单总览.csv
2024-08-29 23:11:32,105 - util.py - 23 - INFO - csv_files: ['逊士贸易订单总览.csv']
2024-08-29 23:11:32,105 - track_and_parse.py - 121 - INFO - csv_file_path:data/逊士贸易订单总览.csv
2024-08-29 23:14:33,564 - util.py - 23 - INFO - csv_files: ['逊士贸易订单总览.csv']
2024-08-29 23:14:33,564 - track_and_parse.py - 121 - INFO - csv_file_path:data/逊士贸易订单总览.csv
2024-08-29 23:14:33,575 - track_and_parse.py - 30 - INFO - {'1ZF203H80313920646': {'express_index': 0, 'express_status': '', 'express_days': ''}}
2024-08-29 23:14:34,078 - track_and_parse.py - 47 - INFO - 注册批次，包含 1 个物流单号
2024-08-29 23:14:34,274 - base_api.py - 54 - INFO - request data:
{
  "request headers": {
    "content-type": "application/json",
    "17token": "DA190E654BBA9BD99904D8F52B802627"
  },
  "request url": "https://api.17track.net/track/v2.2/register",
  "request params": {},
  "request data": [],
  "request json": [
    {
      "number": "1ZF203H80313920646"
    }
  ]
}
2024-08-29 23:14:34,274 - base_api.py - 57 - INFO - response statusCode: 200, response data:
{
  "code": 0,
  "data": {
    "accepted": [],
    "rejected": [
      {
        "number": "1ZF203H80313920646",
        "error": {
          "code": -18019901,
          "message": "The tracking number '1ZF203H80313920646' has been registered, don't need to repeat registration."
        }
      }
    ]
  }
}
2024-08-29 23:22:58,233 - util.py - 23 - INFO - csv_files: ['逊士贸易订单总览.csv']
2024-08-29 23:22:58,233 - track_and_parse.py - 117 - INFO - csv_file_path:data/逊士贸易订单总览.csv
2024-08-29 23:23:10,184 - util.py - 23 - INFO - csv_files: ['逊士贸易订单总览.csv']
2024-08-29 23:23:10,185 - track_and_parse.py - 117 - INFO - csv_file_path:data/逊士贸易订单总览.csv
2024-08-29 23:23:10,187 - track_and_parse.py - 25 - INFO - parsed_data:['1ZF203H80313920646']
2024-08-29 23:23:10,703 - track_and_parse.py - 42 - INFO - 注册批次，包含 1 个物流单号
2024-08-29 23:23:10,859 - base_api.py - 54 - INFO - request data:
{
  "request headers": {
    "content-type": "application/json",
    "17token": "DA190E654BBA9BD99904D8F52B802627"
  },
  "request url": "https://api.17track.net/track/v2.2/register",
  "request params": {},
  "request data": [],
  "request json": [
    {
      "number": "1ZF203H80313920646"
    }
  ]
}
2024-08-29 23:23:10,859 - base_api.py - 57 - INFO - response statusCode: 200, response data:
{
  "code": 0,
  "data": {
    "accepted": [],
    "rejected": [
      {
        "number": "1ZF203H80313920646",
        "error": {
          "code": -18019901,
          "message": "The tracking number '1ZF203H80313920646' has been registered, don't need to repeat registration."
        }
      }
    ]
  }
}
2024-08-29 23:23:10,859 - track_and_parse.py - 53 - INFO - data:number
2024-08-29 23:24:50,570 - util.py - 23 - INFO - csv_files: ['逊士贸易订单总览.csv']
2024-08-29 23:24:50,571 - track_and_parse.py - 118 - INFO - csv_file_path:data/逊士贸易订单总览.csv
2024-08-29 23:24:50,574 - track_and_parse.py - 25 - INFO - parsed_data:['1ZF203H80313920646']
2024-08-29 23:24:51,081 - track_and_parse.py - 42 - INFO - 注册批次，包含 1 个物流单号
2024-08-29 23:24:51,246 - base_api.py - 54 - INFO - request data:
{
  "request headers": {
    "content-type": "application/json",
    "17token": "DA190E654BBA9BD99904D8F52B802627"
  },
  "request url": "https://api.17track.net/track/v2.2/register",
  "request params": {},
  "request data": [],
  "request json": [
    {
      "number": "1ZF203H80313920646"
    }
  ]
}
2024-08-29 23:24:51,247 - base_api.py - 57 - INFO - response statusCode: 200, response data:
{
  "code": 0,
  "data": {
    "accepted": [],
    "rejected": [
      {
        "number": "1ZF203H80313920646",
        "error": {
          "code": -18019901,
          "message": "The tracking number '1ZF203H80313920646' has been registered, don't need to repeat registration."
        }
      }
    ]
  }
}
2024-08-29 23:24:51,247 - track_and_parse.py - 53 - INFO - rejected_data:{'number': '1ZF203H80313920646', 'error': {'code': -18019901, 'message': "The tracking number '1ZF203H80313920646' has been registered, don't need to repeat registration."}}
2024-08-29 23:24:51,247 - track_and_parse.py - 54 - INFO - data:number
2024-08-29 23:28:30,064 - util.py - 23 - INFO - csv_files: ['逊士贸易订单总览.csv']
2024-08-29 23:28:30,065 - track_and_parse.py - 114 - INFO - csv_file_path:data/逊士贸易订单总览.csv
2024-08-29 23:28:30,068 - track_and_parse.py - 25 - INFO - parsed_data:['1ZF203H80313920646']
2024-08-29 23:28:30,579 - track_and_parse.py - 42 - INFO - 注册批次，包含 1 个物流单号
2024-08-29 23:28:30,748 - base_api.py - 54 - INFO - request data:
{
  "request headers": {
    "content-type": "application/json",
    "17token": "DA190E654BBA9BD99904D8F52B802627"
  },
  "request url": "https://api.17track.net/track/v2.2/register",
  "request params": {},
  "request data": [],
  "request json": [
    {
      "number": "1ZF203H80313920646"
    }
  ]
}
2024-08-29 23:28:30,748 - base_api.py - 57 - INFO - response statusCode: 200, response data:
{
  "code": 0,
  "data": {
    "accepted": [],
    "rejected": [
      {
        "number": "1ZF203H80313920646",
        "error": {
          "code": -18019901,
          "message": "The tracking number '1ZF203H80313920646' has been registered, don't need to repeat registration."
        }
      }
    ]
  }
}
2024-08-29 23:28:30,748 - track_and_parse.py - 52 - INFO - rejected_data:{'number': '1ZF203H80313920646', 'error': {'code': -18019901, 'message': "The tracking number '1ZF203H80313920646' has been registered, don't need to repeat registration."}}
2024-08-29 23:28:30,748 - track_and_parse.py - 58 - INFO - 注册成功物流号:[], 注册失败物流号及其失败原因: [{'rejected_logistic_no': '1ZF203H80313920646', 'rejected_message': "The tracking number '1ZF203H80313920646' has been registered, don't need to repeat registration."}]
2024-08-29 23:28:30,748 - track_and_parse.py - 59 - INFO - 共处理 1个批次
2024-08-29 23:28:30,748 - track_and_parse.py - 78 - INFO - 查询物流信息ing, 此次查询物流单号为:[]
2024-08-29 23:28:30,748 - track_and_parse.py - 108 - INFO - 共处理 0 批次
2024-08-29 23:28:30,749 - track_and_parse.py - 109 - WARNING - rejected_logistic_info:[]
2024-08-29 23:28:30,754 - track_and_parse.py - 138 - INFO - 已更新 CSV 文件: data/逊士贸易订单总览.csv
2024-08-29 23:41:53,604 - util.py - 23 - INFO - csv_files: ['逊士贸易订单总览.csv']
2024-08-29 23:41:53,604 - track_and_parse.py - 119 - INFO - csv_file_path:data/逊士贸易订单总览.csv
2024-08-29 23:41:53,610 - track_and_parse.py - 25 - INFO - parsed_data:['1ZF203H80313920646']
2024-08-29 23:41:54,125 - track_and_parse.py - 42 - INFO - 注册批次，包含 1 个物流单号
2024-08-29 23:41:54,448 - base_api.py - 54 - INFO - request data:
{
  "request headers": {
    "content-type": "application/json",
    "17token": "DA190E654BBA9BD99904D8F52B802627"
  },
  "request url": "https://api.17track.net/track/v2.2/register",
  "request params": {},
  "request data": [],
  "request json": [
    {
      "number": "1ZF203H80313920646"
    }
  ]
}
2024-08-29 23:41:54,448 - base_api.py - 57 - INFO - response statusCode: 200, response data:
{
  "code": 0,
  "data": {
    "accepted": [],
    "rejected": [
      {
        "number": "1ZF203H80313920646",
        "error": {
          "code": -18019901,
          "message": "The tracking number '1ZF203H80313920646' has been registered, don't need to repeat registration."
        }
      }
    ]
  }
}
2024-08-29 23:41:54,449 - track_and_parse.py - 51 - INFO - rejected_data:{'number': '1ZF203H80313920646', 'error': {'code': -18019901, 'message': "The tracking number '1ZF203H80313920646' has been registered, don't need to repeat registration."}}
2024-08-29 23:41:54,449 - track_and_parse.py - 63 - INFO - 注册成功物流号:['1ZF203H80313920646'], 注册失败物流号及其失败原因: []
2024-08-29 23:41:54,449 - track_and_parse.py - 64 - INFO - 共处理 1个批次
2024-08-29 23:41:54,449 - track_and_parse.py - 83 - INFO - 查询物流信息ing, 此次查询物流单号为:[['1ZF203H80313920646']]
2024-08-29 23:41:54,449 - track_and_parse.py - 87 - INFO - 处理批次，包含 1 个物流单号
2024-08-29 23:41:54,489 - base_api.py - 54 - INFO - request data:
{
  "request headers": {
    "content-type": "application/json",
    "17token": "DA190E654BBA9BD99904D8F52B802627"
  },
  "request url": "https://api.17track.net/track/v2.2/gettrackinfo",
  "request params": {},
  "request data": [],
  "request json": [
    {
      "number": "1ZF203H80313920646"
    }
  ]
}
2024-08-29 23:41:54,490 - base_api.py - 57 - INFO - response statusCode: 200, response data:
{
  "code": 0,
  "data": {
    "accepted": [
      {
        "number": "1ZF203H80313920646",
        "carrier": 100002,
        "param": null,
        "tag": null,
        "track_info": {
          "shipping_info": {
            "shipper_address": {
              "country": "US",
              "state": "CA",
              "city": "ONTARIO",
              "street": null,
              "postal_code": "917624262",
              "coordinates": {
                "longitude": null,
                "latitude": null
              }
            },
            "recipient_address": {
              "country": "US",
              "state": "GA",
              "city": "HINESVILLE",
              "street": null,
              "postal_code": "31313",
              "coordinates": {
                "longitude": null,
                "latitude": null
              }
            }
          },
          "latest_status": {
            "status": "Delivered",
            "sub_status": "Delivered_Other",
            "sub_status_descr": null
          },
          "latest_event": {
            "time_iso": "2024-08-15T19:00:50-04:00",
            "time_utc": "2024-08-15T23:00:50Z",
            "time_raw": {
              "date": "2024-08-15",
              "time": "19:00:50",
              "timezone": "-04:00"
            },
            "description": "Delivered",
            "location": "HINESVILLE, GA, US",
            "stage": "Delivered",
            "sub_status": "Delivered_Other",
            "address": {
              "country": "US",
              "state": "GA",
              "city": "HINESVILLE",
              "street": null,
              "postal_code": "31313",
              "coordinates": {
                "longitude": null,
                "latitude": null
              }
            }
          },
          "time_metrics": {
            "days_after_order": 17,
            "days_of_transit": 8,
            "days_of_transit_done": 8,
            "days_after_last_update": 0,
            "estimated_delivery_date": {
              "source": null,
              "from": null,
              "to": null
            }
          },
          "milestone": [
            {
              "key_stage": "InfoReceived",
              "time_iso": "2024-07-29T23:40:16-07:00",
              "time_utc": "2024-07-30T06:40:16Z",
              "time_raw": {
                "date": "2024-07-29",
                "time": "23:40:16",
                "timezone": "-07:00"
              }
            },
            {
              "key_stage": "PickedUp",
              "time_iso": "2024-08-08T13:20:00-07:00",
              "time_utc": "2024-08-08T20:20:00Z",
              "time_raw": {
                "date": "2024-08-08",
                "time": "13:20:00",
                "timezone": "-07:00"
              }
            },
            {
              "key_stage": "Departure",
              "time_iso": null,
              "time_utc": null,
              "time_raw": {
                "date": null,
                "time": null,
                "timezone": null
              }
            },
            {
              "key_stage": "Arrival",
              "time_iso": null,
              "time_utc": null,
              "time_raw": {
                "date": null,
                "time": null,
                "timezone": null
              }
            },
            {
              "key_stage": "AvailableForPickup",
              "time_iso": null,
              "time_utc": null,
              "time_raw": {
                "date": null,
                "time": null,
                "timezone": null
              }
            },
            {
              "key_stage": "OutForDelivery",
              "time_iso": "2024-08-15T10:17:45-04:00",
              "time_utc": "2024-08-15T14:17:45Z",
              "time_raw": {
                "date": "2024-08-15",
                "time": "10:17:45",
                "timezone": "-04:00"
              }
            },
            {
              "key_stage": "Delivered",
              "time_iso": "2024-08-15T19:00:50-04:00",
              "time_utc": "2024-08-15T23:00:50Z",
              "time_raw": {
                "date": "2024-08-15",
                "time": "19:00:50",
                "timezone": "-04:00"
              }
            },
            {
              "key_stage": "Returning",
              "time_iso": null,
              "time_utc": null,
              "time_raw": {
                "date": null,
                "time": null,
                "timezone": null
              }
            },
            {
              "key_stage": "Returned",
              "time_iso": null,
              "time_utc": null,
              "time_raw": {
                "date": null,
                "time": null,
                "timezone": null
              }
            }
          ],
          "misc_info": {
            "risk_factor": 0,
            "service_type": "UPS Ground",
            "weight_raw": "6.00LBS",
            "weight_kg": "2.72",
            "pieces": null,
            "dimensions": null,
            "customer_number": null,
            "reference_number": "2701332572",
            "local_number": null,
            "local_provider": null,
            "local_key": 0
          },
          "tracking": {
            "providers_hash": 891383188,
            "providers": [
              {
                "provider": {
                  "key": 100002,
                  "name": "UPS",
                  "alias": "UPS",
                  "tel": "+1 (800) 742-5877",
                  "homepage": "https://www.ups.com/",
                  "country": "US"
                },
                "provider_lang": null,
                "service_type": "UPS Ground",
                "latest_sync_status": "Success",
                "latest_sync_time": "2024-08-29T15:05:16Z",
                "events_hash": -1966095217,
                "events": [
                  {
                    "time_iso": "2024-08-15T19:00:50-04:00",
                    "time_utc": "2024-08-15T23:00:50Z",
                    "time_raw": {
                      "date": "2024-08-15",
                      "time": "19:00:50",
                      "timezone": "-04:00"
                    },
                    "description": "Delivered",
                    "location": "HINESVILLE, GA, US",
                    "stage": "Delivered",
                    "sub_status": "Delivered_Other",
                    "address": {
                      "country": "US",
                      "state": "GA",
                      "city": "HINESVILLE",
                      "street": null,
                      "postal_code": "31313",
                      "coordinates": {
                        "longitude": null,
                        "latitude": null
                      }
                    }
                  },
                  {
                    "time_iso": "2024-08-15T10:17:45-04:00",
                    "time_utc": "2024-08-15T14:17:45Z",
                    "time_raw": {
                      "date": "2024-08-15",
                      "time": "10:17:45",
                      "timezone": "-04:00"
                    },
                    "description": "Out For Delivery Today",
                    "location": "Savannah, GA, US",
                    "stage": "OutForDelivery",
                    "sub_status": "OutForDelivery_Other",
                    "address": {
                      "country": "US",
                      "state": "GA",
                      "city": "Savannah",
                      "street": null,
                      "postal_code": null,
                      "coordinates": {
                        "longitude": null,
                        "latitude": null
                      }
                    }
                  },
                  {
                    "time_iso": "2024-08-15T05:45:24-04:00",
                    "time_utc": "2024-08-15T09:45:24Z",
                    "time_raw": {
                      "date": "2024-08-15",
                      "time": "05:45:24",
                      "timezone": "-04:00"
                    },
                    "description": "Processing at UPS Facility",
                    "location": "Savannah, GA, US",
                    "stage": null,
                    "sub_status": "InTransit_Other",
                    "address": {
                      "country": "US",
                      "state": "GA",
                      "city": "Savannah",
                      "street": null,
                      "postal_code": null,
                      "coordinates": {
                        "longitude": null,
                        "latitude": null
                      }
                    }
                  },
                  {
                    "time_iso": "2024-08-14T21:10:00-04:00",
                    "time_utc": "2024-08-15T01:10:00Z",
                    "time_raw": {
                      "date": "2024-08-14",
                      "time": "21:10:00",
                      "timezone": "-04:00"
                    },
                    "description": "Arrived at Facility",
                    "location": "Savannah, GA, US",
                    "stage": null,
                    "sub_status": "InTransit_Other",
                    "address": {
                      "country": "US",
                      "state": "GA",
                      "city": "Savannah",
                      "street": null,
                      "postal_code": null,
                      "coordinates": {
                        "longitude": null,
                        "latitude": null
                      }
                    }
                  },
                  {
                    "time_iso": "2024-08-14T19:39:00-04:00",
                    "time_utc": "2024-08-14T23:39:00Z",
                    "time_raw": {
                      "date": "2024-08-14",
                      "time": "19:39:00",
                      "timezone": "-04:00"
                    },
                    "description": "Departed from Facility",
                    "location": "Brunswick, GA, US",
                    "stage": null,
                    "sub_status": "InTransit_Other",
                    "address": {
                      "country": "US",
                      "state": "GA",
                      "city": "Brunswick",
                      "street": null,
                      "postal_code": null,
                      "coordinates": {
                        "longitude": null,
                        "latitude": null
                      }
                    }
                  },
                  {
                    "time_iso": "2024-08-14T19:02:00-04:00",
                    "time_utc": "2024-08-14T23:02:00Z",
                    "time_raw": {
                      "date": "2024-08-14",
                      "time": "19:02:00",
                      "timezone": "-04:00"
                    },
                    "description": "Arrived at Facility",
                    "location": "Brunswick, GA, US",
                    "stage": null,
                    "sub_status": "InTransit_Other",
                    "address": {
                      "country": "US",
                      "state": "GA",
                      "city": "Brunswick",
                      "street": null,
                      "postal_code": null,
                      "coordinates": {
                        "longitude": null,
                        "latitude": null
                      }
                    }
                  },
                  {
                    "time_iso": "2024-08-14T17:20:00-04:00",
                    "time_utc": "2024-08-14T21:20:00Z",
                    "time_raw": {
                      "date": "2024-08-14",
                      "time": "17:20:00",
                      "timezone": "-04:00"
                    },
                    "description": "Departed from Facility",
                    "location": "Jacksonville, FL, US",
                    "stage": null,
                    "sub_status": "InTransit_Other",
                    "address": {
                      "country": "US",
                      "state": "FL",
                      "city": "Jacksonville",
                      "street": null,
                      "postal_code": null,
                      "coordinates": {
                        "longitude": null,
                        "latitude": null
                      }
                    }
                  },
                  {
                    "time_iso": "2024-08-13T19:17:00-04:00",
                    "time_utc": "2024-08-13T23:17:00Z",
                    "time_raw": {
                      "date": "2024-08-13",
                      "time": "19:17:00",
                      "timezone": "-04:00"
                    },
                    "description": "Arrived at Facility",
                    "location": "Jacksonville, FL, US",
                    "stage": null,
                    "sub_status": "InTransit_Other",
                    "address": {
                      "country": "US",
                      "state": "FL",
                      "city": "Jacksonville",
                      "street": null,
                      "postal_code": null,
                      "coordinates": {
                        "longitude": null,
                        "latitude": null
                      }
                    }
                  },
                  {
                    "time_iso": "2024-08-13T18:50:00-04:00",
                    "time_utc": "2024-08-13T22:50:00Z",
                    "time_raw": {
                      "date": "2024-08-13",
                      "time": "18:50:00",
                      "timezone": "-04:00"
                    },
                    "description": "Due to weather, your package is delayed by one business day.",
                    "location": null,
                    "stage": null,
                    "sub_status": "Exception_Delayed",
                    "address": {
                      "country": null,
                      "state": null,
                      "city": null,
                      "street": null,
                      "postal_code": null,
                      "coordinates": {
                        "longitude": null,
                        "latitude": null
                      }
                    }
                  },
                  {
                    "time_iso": "2024-08-09T02:56:00-07:00",
                    "time_utc": "2024-08-09T09:56:00Z",
                    "time_raw": {
                      "date": "2024-08-09",
                      "time": "02:56:00",
                      "timezone": "-07:00"
                    },
                    "description": "Departed from Facility",
                    "location": "Baldwin Park, CA, US",
                    "stage": null,
                    "sub_status": "InTransit_Other",
                    "address": {
                      "country": "US",
                      "state": "CA",
                      "city": "Baldwin Park",
                      "street": null,
                      "postal_code": null,
                      "coordinates": {
                        "longitude": null,
                        "latitude": null
                      }
                    }
                  },
                  {
                    "time_iso": "2024-08-08T20:51:28-07:00",
                    "time_utc": "2024-08-09T03:51:28Z",
                    "time_raw": {
                      "date": "2024-08-08",
                      "time": "20:51:28",
                      "timezone": "-07:00"
                    },
                    "description": "Arrived at Facility",
                    "location": "Baldwin Park, CA, US",
                    "stage": null,
                    "sub_status": "InTransit_Other",
                    "address": {
                      "country": "US",
                      "state": "CA",
                      "city": "Baldwin Park",
                      "street": null,
                      "postal_code": null,
                      "coordinates": {
                        "longitude": null,
                        "latitude": null
                      }
                    }
                  },
                  {
                    "time_iso": "2024-08-08T13:20:00-07:00",
                    "time_utc": "2024-08-08T20:20:00Z",
                    "time_raw": {
                      "date": "2024-08-08",
                      "time": "13:20:00",
                      "timezone": "-07:00"
                    },
                    "description": "Drop-Off",
                    "location": "Baldwin Park, CA, US",
                    "stage": "PickedUp",
                    "sub_status": "InTransit_PickedUp",
                    "address": {
                      "country": "US",
                      "state": "CA",
                      "city": "Baldwin Park",
                      "street": null,
                      "postal_code": null,
                      "coordinates": {
                        "longitude": null,
                        "latitude": null
                      }
                    }
                  },
                  {
                    "time_iso": "2024-07-29T23:40:16-07:00",
                    "time_utc": "2024-07-30T06:40:16Z",
                    "time_raw": {
                      "date": "2024-07-29",
                      "time": "23:40:16",
                      "timezone": "-07:00"
                    },
                    "description": "Shipper created a label, UPS has not received the package yet.",
                    "location": "US",
                    "stage": "InfoReceived",
                    "sub_status": "InfoReceived",
                    "address": {
                      "country": "US",
                      "state": null,
                      "city": null,
                      "street": null,
                      "postal_code": null,
                      "coordinates": {
                        "longitude": null,
                        "latitude": null
                      }
                    }
                  }
                ]
              }
            ]
          }
        }
      }
    ],
    "rejected": []
  }
}
2024-08-29 23:43:39,132 - util.py - 23 - INFO - csv_files: ['逊士贸易订单总览.csv']
2024-08-29 23:43:39,132 - track_and_parse.py - 120 - INFO - csv_file_path:data/逊士贸易订单总览.csv
2024-08-29 23:43:39,135 - track_and_parse.py - 25 - INFO - parsed_data:['1ZF203H80313920646']
2024-08-29 23:43:39,643 - track_and_parse.py - 42 - INFO - 注册批次，包含 1 个物流单号
2024-08-29 23:43:39,801 - base_api.py - 54 - INFO - request data:
{
  "request headers": {
    "content-type": "application/json",
    "17token": "DA190E654BBA9BD99904D8F52B802627"
  },
  "request url": "https://api.17track.net/track/v2.2/register",
  "request params": {},
  "request data": [],
  "request json": [
    {
      "number": "1ZF203H80313920646"
    }
  ]
}
2024-08-29 23:43:39,801 - base_api.py - 57 - INFO - response statusCode: 200, response data:
{
  "code": 0,
  "data": {
    "accepted": [],
    "rejected": [
      {
        "number": "1ZF203H80313920646",
        "error": {
          "code": -18019901,
          "message": "The tracking number '1ZF203H80313920646' has been registered, don't need to repeat registration."
        }
      }
    ]
  }
}
2024-08-29 23:43:39,801 - track_and_parse.py - 51 - INFO - rejected_data:{'number': '1ZF203H80313920646', 'error': {'code': -18019901, 'message': "The tracking number '1ZF203H80313920646' has been registered, don't need to repeat registration."}}
2024-08-29 23:43:39,801 - track_and_parse.py - 63 - INFO - 注册成功物流号:['1ZF203H80313920646'], 注册失败物流号及其失败原因: []
2024-08-29 23:43:39,801 - track_and_parse.py - 64 - INFO - 共处理 1个批次
2024-08-29 23:43:39,802 - track_and_parse.py - 83 - INFO - 查询物流信息ing, 此次查询物流单号为:[['1ZF203H80313920646']]
2024-08-29 23:43:39,802 - track_and_parse.py - 87 - INFO - 处理批次，包含 1 个物流单号
2024-08-29 23:43:39,848 - base_api.py - 54 - INFO - request data:
{
  "request headers": {
    "content-type": "application/json",
    "17token": "DA190E654BBA9BD99904D8F52B802627"
  },
  "request url": "https://api.17track.net/track/v2.2/gettrackinfo",
  "request params": {},
  "request data": [],
  "request json": [
    {
      "number": "1ZF203H80313920646"
    }
  ]
}
2024-08-29 23:43:39,849 - base_api.py - 57 - INFO - response statusCode: 200, response data:
{
  "code": 0,
  "data": {
    "accepted": [
      {
        "number": "1ZF203H80313920646",
        "carrier": 100002,
        "param": null,
        "tag": null,
        "track_info": {
          "shipping_info": {
            "shipper_address": {
              "country": "US",
              "state": "CA",
              "city": "ONTARIO",
              "street": null,
              "postal_code": "917624262",
              "coordinates": {
                "longitude": null,
                "latitude": null
              }
            },
            "recipient_address": {
              "country": "US",
              "state": "GA",
              "city": "HINESVILLE",
              "street": null,
              "postal_code": "31313",
              "coordinates": {
                "longitude": null,
                "latitude": null
              }
            }
          },
          "latest_status": {
            "status": "Delivered",
            "sub_status": "Delivered_Other",
            "sub_status_descr": null
          },
          "latest_event": {
            "time_iso": "2024-08-15T19:00:50-04:00",
            "time_utc": "2024-08-15T23:00:50Z",
            "time_raw": {
              "date": "2024-08-15",
              "time": "19:00:50",
              "timezone": "-04:00"
            },
            "description": "Delivered",
            "location": "HINESVILLE, GA, US",
            "stage": "Delivered",
            "sub_status": "Delivered_Other",
            "address": {
              "country": "US",
              "state": "GA",
              "city": "HINESVILLE",
              "street": null,
              "postal_code": "31313",
              "coordinates": {
                "longitude": null,
                "latitude": null
              }
            }
          },
          "time_metrics": {
            "days_after_order": 17,
            "days_of_transit": 8,
            "days_of_transit_done": 8,
            "days_after_last_update": 0,
            "estimated_delivery_date": {
              "source": null,
              "from": null,
              "to": null
            }
          },
          "milestone": [
            {
              "key_stage": "InfoReceived",
              "time_iso": "2024-07-29T23:40:16-07:00",
              "time_utc": "2024-07-30T06:40:16Z",
              "time_raw": {
                "date": "2024-07-29",
                "time": "23:40:16",
                "timezone": "-07:00"
              }
            },
            {
              "key_stage": "PickedUp",
              "time_iso": "2024-08-08T13:20:00-07:00",
              "time_utc": "2024-08-08T20:20:00Z",
              "time_raw": {
                "date": "2024-08-08",
                "time": "13:20:00",
                "timezone": "-07:00"
              }
            },
            {
              "key_stage": "Departure",
              "time_iso": null,
              "time_utc": null,
              "time_raw": {
                "date": null,
                "time": null,
                "timezone": null
              }
            },
            {
              "key_stage": "Arrival",
              "time_iso": null,
              "time_utc": null,
              "time_raw": {
                "date": null,
                "time": null,
                "timezone": null
              }
            },
            {
              "key_stage": "AvailableForPickup",
              "time_iso": null,
              "time_utc": null,
              "time_raw": {
                "date": null,
                "time": null,
                "timezone": null
              }
            },
            {
              "key_stage": "OutForDelivery",
              "time_iso": "2024-08-15T10:17:45-04:00",
              "time_utc": "2024-08-15T14:17:45Z",
              "time_raw": {
                "date": "2024-08-15",
                "time": "10:17:45",
                "timezone": "-04:00"
              }
            },
            {
              "key_stage": "Delivered",
              "time_iso": "2024-08-15T19:00:50-04:00",
              "time_utc": "2024-08-15T23:00:50Z",
              "time_raw": {
                "date": "2024-08-15",
                "time": "19:00:50",
                "timezone": "-04:00"
              }
            },
            {
              "key_stage": "Returning",
              "time_iso": null,
              "time_utc": null,
              "time_raw": {
                "date": null,
                "time": null,
                "timezone": null
              }
            },
            {
              "key_stage": "Returned",
              "time_iso": null,
              "time_utc": null,
              "time_raw": {
                "date": null,
                "time": null,
                "timezone": null
              }
            }
          ],
          "misc_info": {
            "risk_factor": 0,
            "service_type": "UPS Ground",
            "weight_raw": "6.00LBS",
            "weight_kg": "2.72",
            "pieces": null,
            "dimensions": null,
            "customer_number": null,
            "reference_number": "2701332572",
            "local_number": null,
            "local_provider": null,
            "local_key": 0
          },
          "tracking": {
            "providers_hash": 891383188,
            "providers": [
              {
                "provider": {
                  "key": 100002,
                  "name": "UPS",
                  "alias": "UPS",
                  "tel": "+1 (800) 742-5877",
                  "homepage": "https://www.ups.com/",
                  "country": "US"
                },
                "provider_lang": null,
                "service_type": "UPS Ground",
                "latest_sync_status": "Success",
                "latest_sync_time": "2024-08-29T15:05:16Z",
                "events_hash": -1966095217,
                "events": [
                  {
                    "time_iso": "2024-08-15T19:00:50-04:00",
                    "time_utc": "2024-08-15T23:00:50Z",
                    "time_raw": {
                      "date": "2024-08-15",
                      "time": "19:00:50",
                      "timezone": "-04:00"
                    },
                    "description": "Delivered",
                    "location": "HINESVILLE, GA, US",
                    "stage": "Delivered",
                    "sub_status": "Delivered_Other",
                    "address": {
                      "country": "US",
                      "state": "GA",
                      "city": "HINESVILLE",
                      "street": null,
                      "postal_code": "31313",
                      "coordinates": {
                        "longitude": null,
                        "latitude": null
                      }
                    }
                  },
                  {
                    "time_iso": "2024-08-15T10:17:45-04:00",
                    "time_utc": "2024-08-15T14:17:45Z",
                    "time_raw": {
                      "date": "2024-08-15",
                      "time": "10:17:45",
                      "timezone": "-04:00"
                    },
                    "description": "Out For Delivery Today",
                    "location": "Savannah, GA, US",
                    "stage": "OutForDelivery",
                    "sub_status": "OutForDelivery_Other",
                    "address": {
                      "country": "US",
                      "state": "GA",
                      "city": "Savannah",
                      "street": null,
                      "postal_code": null,
                      "coordinates": {
                        "longitude": null,
                        "latitude": null
                      }
                    }
                  },
                  {
                    "time_iso": "2024-08-15T05:45:24-04:00",
                    "time_utc": "2024-08-15T09:45:24Z",
                    "time_raw": {
                      "date": "2024-08-15",
                      "time": "05:45:24",
                      "timezone": "-04:00"
                    },
                    "description": "Processing at UPS Facility",
                    "location": "Savannah, GA, US",
                    "stage": null,
                    "sub_status": "InTransit_Other",
                    "address": {
                      "country": "US",
                      "state": "GA",
                      "city": "Savannah",
                      "street": null,
                      "postal_code": null,
                      "coordinates": {
                        "longitude": null,
                        "latitude": null
                      }
                    }
                  },
                  {
                    "time_iso": "2024-08-14T21:10:00-04:00",
                    "time_utc": "2024-08-15T01:10:00Z",
                    "time_raw": {
                      "date": "2024-08-14",
                      "time": "21:10:00",
                      "timezone": "-04:00"
                    },
                    "description": "Arrived at Facility",
                    "location": "Savannah, GA, US",
                    "stage": null,
                    "sub_status": "InTransit_Other",
                    "address": {
                      "country": "US",
                      "state": "GA",
                      "city": "Savannah",
                      "street": null,
                      "postal_code": null,
                      "coordinates": {
                        "longitude": null,
                        "latitude": null
                      }
                    }
                  },
                  {
                    "time_iso": "2024-08-14T19:39:00-04:00",
                    "time_utc": "2024-08-14T23:39:00Z",
                    "time_raw": {
                      "date": "2024-08-14",
                      "time": "19:39:00",
                      "timezone": "-04:00"
                    },
                    "description": "Departed from Facility",
                    "location": "Brunswick, GA, US",
                    "stage": null,
                    "sub_status": "InTransit_Other",
                    "address": {
                      "country": "US",
                      "state": "GA",
                      "city": "Brunswick",
                      "street": null,
                      "postal_code": null,
                      "coordinates": {
                        "longitude": null,
                        "latitude": null
                      }
                    }
                  },
                  {
                    "time_iso": "2024-08-14T19:02:00-04:00",
                    "time_utc": "2024-08-14T23:02:00Z",
                    "time_raw": {
                      "date": "2024-08-14",
                      "time": "19:02:00",
                      "timezone": "-04:00"
                    },
                    "description": "Arrived at Facility",
                    "location": "Brunswick, GA, US",
                    "stage": null,
                    "sub_status": "InTransit_Other",
                    "address": {
                      "country": "US",
                      "state": "GA",
                      "city": "Brunswick",
                      "street": null,
                      "postal_code": null,
                      "coordinates": {
                        "longitude": null,
                        "latitude": null
                      }
                    }
                  },
                  {
                    "time_iso": "2024-08-14T17:20:00-04:00",
                    "time_utc": "2024-08-14T21:20:00Z",
                    "time_raw": {
                      "date": "2024-08-14",
                      "time": "17:20:00",
                      "timezone": "-04:00"
                    },
                    "description": "Departed from Facility",
                    "location": "Jacksonville, FL, US",
                    "stage": null,
                    "sub_status": "InTransit_Other",
                    "address": {
                      "country": "US",
                      "state": "FL",
                      "city": "Jacksonville",
                      "street": null,
                      "postal_code": null,
                      "coordinates": {
                        "longitude": null,
                        "latitude": null
                      }
                    }
                  },
                  {
                    "time_iso": "2024-08-13T19:17:00-04:00",
                    "time_utc": "2024-08-13T23:17:00Z",
                    "time_raw": {
                      "date": "2024-08-13",
                      "time": "19:17:00",
                      "timezone": "-04:00"
                    },
                    "description": "Arrived at Facility",
                    "location": "Jacksonville, FL, US",
                    "stage": null,
                    "sub_status": "InTransit_Other",
                    "address": {
                      "country": "US",
                      "state": "FL",
                      "city": "Jacksonville",
                      "street": null,
                      "postal_code": null,
                      "coordinates": {
                        "longitude": null,
                        "latitude": null
                      }
                    }
                  },
                  {
                    "time_iso": "2024-08-13T18:50:00-04:00",
                    "time_utc": "2024-08-13T22:50:00Z",
                    "time_raw": {
                      "date": "2024-08-13",
                      "time": "18:50:00",
                      "timezone": "-04:00"
                    },
                    "description": "Due to weather, your package is delayed by one business day.",
                    "location": null,
                    "stage": null,
                    "sub_status": "Exception_Delayed",
                    "address": {
                      "country": null,
                      "state": null,
                      "city": null,
                      "street": null,
                      "postal_code": null,
                      "coordinates": {
                        "longitude": null,
                        "latitude": null
                      }
                    }
                  },
                  {
                    "time_iso": "2024-08-09T02:56:00-07:00",
                    "time_utc": "2024-08-09T09:56:00Z",
                    "time_raw": {
                      "date": "2024-08-09",
                      "time": "02:56:00",
                      "timezone": "-07:00"
                    },
                    "description": "Departed from Facility",
                    "location": "Baldwin Park, CA, US",
                    "stage": null,
                    "sub_status": "InTransit_Other",
                    "address": {
                      "country": "US",
                      "state": "CA",
                      "city": "Baldwin Park",
                      "street": null,
                      "postal_code": null,
                      "coordinates": {
                        "longitude": null,
                        "latitude": null
                      }
                    }
                  },
                  {
                    "time_iso": "2024-08-08T20:51:28-07:00",
                    "time_utc": "2024-08-09T03:51:28Z",
                    "time_raw": {
                      "date": "2024-08-08",
                      "time": "20:51:28",
                      "timezone": "-07:00"
                    },
                    "description": "Arrived at Facility",
                    "location": "Baldwin Park, CA, US",
                    "stage": null,
                    "sub_status": "InTransit_Other",
                    "address": {
                      "country": "US",
                      "state": "CA",
                      "city": "Baldwin Park",
                      "street": null,
                      "postal_code": null,
                      "coordinates": {
                        "longitude": null,
                        "latitude": null
                      }
                    }
                  },
                  {
                    "time_iso": "2024-08-08T13:20:00-07:00",
                    "time_utc": "2024-08-08T20:20:00Z",
                    "time_raw": {
                      "date": "2024-08-08",
                      "time": "13:20:00",
                      "timezone": "-07:00"
                    },
                    "description": "Drop-Off",
                    "location": "Baldwin Park, CA, US",
                    "stage": "PickedUp",
                    "sub_status": "InTransit_PickedUp",
                    "address": {
                      "country": "US",
                      "state": "CA",
                      "city": "Baldwin Park",
                      "street": null,
                      "postal_code": null,
                      "coordinates": {
                        "longitude": null,
                        "latitude": null
                      }
                    }
                  },
                  {
                    "time_iso": "2024-07-29T23:40:16-07:00",
                    "time_utc": "2024-07-30T06:40:16Z",
                    "time_raw": {
                      "date": "2024-07-29",
                      "time": "23:40:16",
                      "timezone": "-07:00"
                    },
                    "description": "Shipper created a label, UPS has not received the package yet.",
                    "location": "US",
                    "stage": "InfoReceived",
                    "sub_status": "InfoReceived",
                    "address": {
                      "country": "US",
                      "state": null,
                      "city": null,
                      "street": null,
                      "postal_code": null,
                      "coordinates": {
                        "longitude": null,
                        "latitude": null
                      }
                    }
                  }
                ]
              }
            ]
          }
        }
      }
    ],
    "rejected": []
  }
}
2024-08-29 23:43:39,850 - track_and_parse.py - 91 - INFO - accepted_data:{'number': '1ZF203H80313920646', 'carrier': 100002, 'param': None, 'tag': None, 'track_info': {'shipping_info': {'shipper_address': {'country': 'US', 'state': 'CA', 'city': 'ONTARIO', 'street': None, 'postal_code': '917624262', 'coordinates': {'longitude': None, 'latitude': None}}, 'recipient_address': {'country': 'US', 'state': 'GA', 'city': 'HINESVILLE', 'street': None, 'postal_code': '31313', 'coordinates': {'longitude': None, 'latitude': None}}}, 'latest_status': {'status': 'Delivered', 'sub_status': 'Delivered_Other', 'sub_status_descr': None}, 'latest_event': {'time_iso': '2024-08-15T19:00:50-04:00', 'time_utc': '2024-08-15T23:00:50Z', 'time_raw': {'date': '2024-08-15', 'time': '19:00:50', 'timezone': '-04:00'}, 'description': 'Delivered', 'location': 'HINESVILLE, GA, US', 'stage': 'Delivered', 'sub_status': 'Delivered_Other', 'address': {'country': 'US', 'state': 'GA', 'city': 'HINESVILLE', 'street': None, 'postal_code': '31313', 'coordinates': {'longitude': None, 'latitude': None}}}, 'time_metrics': {'days_after_order': 17, 'days_of_transit': 8, 'days_of_transit_done': 8, 'days_after_last_update': 0, 'estimated_delivery_date': {'source': None, 'from': None, 'to': None}}, 'milestone': [{'key_stage': 'InfoReceived', 'time_iso': '2024-07-29T23:40:16-07:00', 'time_utc': '2024-07-30T06:40:16Z', 'time_raw': {'date': '2024-07-29', 'time': '23:40:16', 'timezone': '-07:00'}}, {'key_stage': 'PickedUp', 'time_iso': '2024-08-08T13:20:00-07:00', 'time_utc': '2024-08-08T20:20:00Z', 'time_raw': {'date': '2024-08-08', 'time': '13:20:00', 'timezone': '-07:00'}}, {'key_stage': 'Departure', 'time_iso': None, 'time_utc': None, 'time_raw': {'date': None, 'time': None, 'timezone': None}}, {'key_stage': 'Arrival', 'time_iso': None, 'time_utc': None, 'time_raw': {'date': None, 'time': None, 'timezone': None}}, {'key_stage': 'AvailableForPickup', 'time_iso': None, 'time_utc': None, 'time_raw': {'date': None, 'time': None, 'timezone': None}}, {'key_stage': 'OutForDelivery', 'time_iso': '2024-08-15T10:17:45-04:00', 'time_utc': '2024-08-15T14:17:45Z', 'time_raw': {'date': '2024-08-15', 'time': '10:17:45', 'timezone': '-04:00'}}, {'key_stage': 'Delivered', 'time_iso': '2024-08-15T19:00:50-04:00', 'time_utc': '2024-08-15T23:00:50Z', 'time_raw': {'date': '2024-08-15', 'time': '19:00:50', 'timezone': '-04:00'}}, {'key_stage': 'Returning', 'time_iso': None, 'time_utc': None, 'time_raw': {'date': None, 'time': None, 'timezone': None}}, {'key_stage': 'Returned', 'time_iso': None, 'time_utc': None, 'time_raw': {'date': None, 'time': None, 'timezone': None}}], 'misc_info': {'risk_factor': 0, 'service_type': 'UPS Ground', 'weight_raw': '6.00LBS', 'weight_kg': '2.72', 'pieces': None, 'dimensions': None, 'customer_number': None, 'reference_number': '2701332572', 'local_number': None, 'local_provider': None, 'local_key': 0}, 'tracking': {'providers_hash': 891383188, 'providers': [{'provider': {'key': 100002, 'name': 'UPS', 'alias': 'UPS', 'tel': '+1 (800) 742-5877', 'homepage': 'https://www.ups.com/', 'country': 'US'}, 'provider_lang': None, 'service_type': 'UPS Ground', 'latest_sync_status': 'Success', 'latest_sync_time': '2024-08-29T15:05:16Z', 'events_hash': -1966095217, 'events': [{'time_iso': '2024-08-15T19:00:50-04:00', 'time_utc': '2024-08-15T23:00:50Z', 'time_raw': {'date': '2024-08-15', 'time': '19:00:50', 'timezone': '-04:00'}, 'description': 'Delivered', 'location': 'HINESVILLE, GA, US', 'stage': 'Delivered', 'sub_status': 'Delivered_Other', 'address': {'country': 'US', 'state': 'GA', 'city': 'HINESVILLE', 'street': None, 'postal_code': '31313', 'coordinates': {'longitude': None, 'latitude': None}}}, {'time_iso': '2024-08-15T10:17:45-04:00', 'time_utc': '2024-08-15T14:17:45Z', 'time_raw': {'date': '2024-08-15', 'time': '10:17:45', 'timezone': '-04:00'}, 'description': 'Out For Delivery Today', 'location': 'Savannah, GA, US', 'stage': 'OutForDelivery', 'sub_status': 'OutForDelivery_Other', 'address': {'country': 'US', 'state': 'GA', 'city': 'Savannah', 'street': None, 'postal_code': None, 'coordinates': {'longitude': None, 'latitude': None}}}, {'time_iso': '2024-08-15T05:45:24-04:00', 'time_utc': '2024-08-15T09:45:24Z', 'time_raw': {'date': '2024-08-15', 'time': '05:45:24', 'timezone': '-04:00'}, 'description': 'Processing at UPS Facility', 'location': 'Savannah, GA, US', 'stage': None, 'sub_status': 'InTransit_Other', 'address': {'country': 'US', 'state': 'GA', 'city': 'Savannah', 'street': None, 'postal_code': None, 'coordinates': {'longitude': None, 'latitude': None}}}, {'time_iso': '2024-08-14T21:10:00-04:00', 'time_utc': '2024-08-15T01:10:00Z', 'time_raw': {'date': '2024-08-14', 'time': '21:10:00', 'timezone': '-04:00'}, 'description': 'Arrived at Facility', 'location': 'Savannah, GA, US', 'stage': None, 'sub_status': 'InTransit_Other', 'address': {'country': 'US', 'state': 'GA', 'city': 'Savannah', 'street': None, 'postal_code': None, 'coordinates': {'longitude': None, 'latitude': None}}}, {'time_iso': '2024-08-14T19:39:00-04:00', 'time_utc': '2024-08-14T23:39:00Z', 'time_raw': {'date': '2024-08-14', 'time': '19:39:00', 'timezone': '-04:00'}, 'description': 'Departed from Facility', 'location': 'Brunswick, GA, US', 'stage': None, 'sub_status': 'InTransit_Other', 'address': {'country': 'US', 'state': 'GA', 'city': 'Brunswick', 'street': None, 'postal_code': None, 'coordinates': {'longitude': None, 'latitude': None}}}, {'time_iso': '2024-08-14T19:02:00-04:00', 'time_utc': '2024-08-14T23:02:00Z', 'time_raw': {'date': '2024-08-14', 'time': '19:02:00', 'timezone': '-04:00'}, 'description': 'Arrived at Facility', 'location': 'Brunswick, GA, US', 'stage': None, 'sub_status': 'InTransit_Other', 'address': {'country': 'US', 'state': 'GA', 'city': 'Brunswick', 'street': None, 'postal_code': None, 'coordinates': {'longitude': None, 'latitude': None}}}, {'time_iso': '2024-08-14T17:20:00-04:00', 'time_utc': '2024-08-14T21:20:00Z', 'time_raw': {'date': '2024-08-14', 'time': '17:20:00', 'timezone': '-04:00'}, 'description': 'Departed from Facility', 'location': 'Jacksonville, FL, US', 'stage': None, 'sub_status': 'InTransit_Other', 'address': {'country': 'US', 'state': 'FL', 'city': 'Jacksonville', 'street': None, 'postal_code': None, 'coordinates': {'longitude': None, 'latitude': None}}}, {'time_iso': '2024-08-13T19:17:00-04:00', 'time_utc': '2024-08-13T23:17:00Z', 'time_raw': {'date': '2024-08-13', 'time': '19:17:00', 'timezone': '-04:00'}, 'description': 'Arrived at Facility', 'location': 'Jacksonville, FL, US', 'stage': None, 'sub_status': 'InTransit_Other', 'address': {'country': 'US', 'state': 'FL', 'city': 'Jacksonville', 'street': None, 'postal_code': None, 'coordinates': {'longitude': None, 'latitude': None}}}, {'time_iso': '2024-08-13T18:50:00-04:00', 'time_utc': '2024-08-13T22:50:00Z', 'time_raw': {'date': '2024-08-13', 'time': '18:50:00', 'timezone': '-04:00'}, 'description': 'Due to weather, your package is delayed by one business day.', 'location': None, 'stage': None, 'sub_status': 'Exception_Delayed', 'address': {'country': None, 'state': None, 'city': None, 'street': None, 'postal_code': None, 'coordinates': {'longitude': None, 'latitude': None}}}, {'time_iso': '2024-08-09T02:56:00-07:00', 'time_utc': '2024-08-09T09:56:00Z', 'time_raw': {'date': '2024-08-09', 'time': '02:56:00', 'timezone': '-07:00'}, 'description': 'Departed from Facility', 'location': 'Baldwin Park, CA, US', 'stage': None, 'sub_status': 'InTransit_Other', 'address': {'country': 'US', 'state': 'CA', 'city': 'Baldwin Park', 'street': None, 'postal_code': None, 'coordinates': {'longitude': None, 'latitude': None}}}, {'time_iso': '2024-08-08T20:51:28-07:00', 'time_utc': '2024-08-09T03:51:28Z', 'time_raw': {'date': '2024-08-08', 'time': '20:51:28', 'timezone': '-07:00'}, 'description': 'Arrived at Facility', 'location': 'Baldwin Park, CA, US', 'stage': None, 'sub_status': 'InTransit_Other', 'address': {'country': 'US', 'state': 'CA', 'city': 'Baldwin Park', 'street': None, 'postal_code': None, 'coordinates': {'longitude': None, 'latitude': None}}}, {'time_iso': '2024-08-08T13:20:00-07:00', 'time_utc': '2024-08-08T20:20:00Z', 'time_raw': {'date': '2024-08-08', 'time': '13:20:00', 'timezone': '-07:00'}, 'description': 'Drop-Off', 'location': 'Baldwin Park, CA, US', 'stage': 'PickedUp', 'sub_status': 'InTransit_PickedUp', 'address': {'country': 'US', 'state': 'CA', 'city': 'Baldwin Park', 'street': None, 'postal_code': None, 'coordinates': {'longitude': None, 'latitude': None}}}, {'time_iso': '2024-07-29T23:40:16-07:00', 'time_utc': '2024-07-30T06:40:16Z', 'time_raw': {'date': '2024-07-29', 'time': '23:40:16', 'timezone': '-07:00'}, 'description': 'Shipper created a label, UPS has not received the package yet.', 'location': 'US', 'stage': 'InfoReceived', 'sub_status': 'InfoReceived', 'address': {'country': 'US', 'state': None, 'city': None, 'street': None, 'postal_code': None, 'coordinates': {'longitude': None, 'latitude': None}}}]}]}}}
2024-08-29 23:47:04,723 - util.py - 23 - INFO - csv_files: ['逊士贸易订单总览.csv']
2024-08-29 23:47:04,723 - track_and_parse.py - 120 - INFO - csv_file_path:data/逊士贸易订单总览.csv
2024-08-29 23:47:04,726 - track_and_parse.py - 25 - INFO - parsed_data:['1ZF203H80313920646']
2024-08-29 23:47:05,231 - track_and_parse.py - 42 - INFO - 注册批次，包含 1 个物流单号
2024-08-29 23:47:05,395 - base_api.py - 54 - INFO - request data:
{
  "request headers": {
    "content-type": "application/json",
    "17token": "DA190E654BBA9BD99904D8F52B802627"
  },
  "request url": "https://api.17track.net/track/v2.2/register",
  "request params": {},
  "request data": [],
  "request json": [
    {
      "number": "1ZF203H80313920646"
    }
  ]
}
2024-08-29 23:47:05,395 - base_api.py - 57 - INFO - response statusCode: 200, response data:
{
  "code": 0,
  "data": {
    "accepted": [],
    "rejected": [
      {
        "number": "1ZF203H80313920646",
        "error": {
          "code": -18019901,
          "message": "The tracking number '1ZF203H80313920646' has been registered, don't need to repeat registration."
        }
      }
    ]
  }
}
2024-08-29 23:47:05,395 - track_and_parse.py - 51 - INFO - rejected_data:{'number': '1ZF203H80313920646', 'error': {'code': -18019901, 'message': "The tracking number '1ZF203H80313920646' has been registered, don't need to repeat registration."}}
2024-08-29 23:47:05,395 - track_and_parse.py - 63 - INFO - 注册成功物流号:['1ZF203H80313920646'], 注册失败物流号及其失败原因: []
2024-08-29 23:47:05,395 - track_and_parse.py - 64 - INFO - 共处理 1个批次
2024-08-29 23:47:05,396 - track_and_parse.py - 83 - INFO - 查询物流信息ing, 此次查询物流单号为:[['1ZF203H80313920646']]
2024-08-29 23:47:05,396 - track_and_parse.py - 87 - INFO - 处理批次，包含 1 个物流单号
2024-08-29 23:47:05,436 - base_api.py - 54 - INFO - request data:
{
  "request headers": {
    "content-type": "application/json",
    "17token": "DA190E654BBA9BD99904D8F52B802627"
  },
  "request url": "https://api.17track.net/track/v2.2/gettrackinfo",
  "request params": {},
  "request data": [],
  "request json": [
    {
      "number": "1ZF203H80313920646"
    }
  ]
}
2024-08-29 23:47:05,438 - base_api.py - 57 - INFO - response statusCode: 200, response data:
{
  "code": 0,
  "data": {
    "accepted": [
      {
        "number": "1ZF203H80313920646",
        "carrier": 100002,
        "param": null,
        "tag": null,
        "track_info": {
          "shipping_info": {
            "shipper_address": {
              "country": "US",
              "state": "CA",
              "city": "ONTARIO",
              "street": null,
              "postal_code": "917624262",
              "coordinates": {
                "longitude": null,
                "latitude": null
              }
            },
            "recipient_address": {
              "country": "US",
              "state": "GA",
              "city": "HINESVILLE",
              "street": null,
              "postal_code": "31313",
              "coordinates": {
                "longitude": null,
                "latitude": null
              }
            }
          },
          "latest_status": {
            "status": "Delivered",
            "sub_status": "Delivered_Other",
            "sub_status_descr": null
          },
          "latest_event": {
            "time_iso": "2024-08-15T19:00:50-04:00",
            "time_utc": "2024-08-15T23:00:50Z",
            "time_raw": {
              "date": "2024-08-15",
              "time": "19:00:50",
              "timezone": "-04:00"
            },
            "description": "Delivered",
            "location": "HINESVILLE, GA, US",
            "stage": "Delivered",
            "sub_status": "Delivered_Other",
            "address": {
              "country": "US",
              "state": "GA",
              "city": "HINESVILLE",
              "street": null,
              "postal_code": "31313",
              "coordinates": {
                "longitude": null,
                "latitude": null
              }
            }
          },
          "time_metrics": {
            "days_after_order": 17,
            "days_of_transit": 8,
            "days_of_transit_done": 8,
            "days_after_last_update": 0,
            "estimated_delivery_date": {
              "source": null,
              "from": null,
              "to": null
            }
          },
          "milestone": [
            {
              "key_stage": "InfoReceived",
              "time_iso": "2024-07-29T23:40:16-07:00",
              "time_utc": "2024-07-30T06:40:16Z",
              "time_raw": {
                "date": "2024-07-29",
                "time": "23:40:16",
                "timezone": "-07:00"
              }
            },
            {
              "key_stage": "PickedUp",
              "time_iso": "2024-08-08T13:20:00-07:00",
              "time_utc": "2024-08-08T20:20:00Z",
              "time_raw": {
                "date": "2024-08-08",
                "time": "13:20:00",
                "timezone": "-07:00"
              }
            },
            {
              "key_stage": "Departure",
              "time_iso": null,
              "time_utc": null,
              "time_raw": {
                "date": null,
                "time": null,
                "timezone": null
              }
            },
            {
              "key_stage": "Arrival",
              "time_iso": null,
              "time_utc": null,
              "time_raw": {
                "date": null,
                "time": null,
                "timezone": null
              }
            },
            {
              "key_stage": "AvailableForPickup",
              "time_iso": null,
              "time_utc": null,
              "time_raw": {
                "date": null,
                "time": null,
                "timezone": null
              }
            },
            {
              "key_stage": "OutForDelivery",
              "time_iso": "2024-08-15T10:17:45-04:00",
              "time_utc": "2024-08-15T14:17:45Z",
              "time_raw": {
                "date": "2024-08-15",
                "time": "10:17:45",
                "timezone": "-04:00"
              }
            },
            {
              "key_stage": "Delivered",
              "time_iso": "2024-08-15T19:00:50-04:00",
              "time_utc": "2024-08-15T23:00:50Z",
              "time_raw": {
                "date": "2024-08-15",
                "time": "19:00:50",
                "timezone": "-04:00"
              }
            },
            {
              "key_stage": "Returning",
              "time_iso": null,
              "time_utc": null,
              "time_raw": {
                "date": null,
                "time": null,
                "timezone": null
              }
            },
            {
              "key_stage": "Returned",
              "time_iso": null,
              "time_utc": null,
              "time_raw": {
                "date": null,
                "time": null,
                "timezone": null
              }
            }
          ],
          "misc_info": {
            "risk_factor": 0,
            "service_type": "UPS Ground",
            "weight_raw": "6.00LBS",
            "weight_kg": "2.72",
            "pieces": null,
            "dimensions": null,
            "customer_number": null,
            "reference_number": "2701332572",
            "local_number": null,
            "local_provider": null,
            "local_key": 0
          },
          "tracking": {
            "providers_hash": 891383188,
            "providers": [
              {
                "provider": {
                  "key": 100002,
                  "name": "UPS",
                  "alias": "UPS",
                  "tel": "+1 (800) 742-5877",
                  "homepage": "https://www.ups.com/",
                  "country": "US"
                },
                "provider_lang": null,
                "service_type": "UPS Ground",
                "latest_sync_status": "Success",
                "latest_sync_time": "2024-08-29T15:05:16Z",
                "events_hash": -1966095217,
                "events": [
                  {
                    "time_iso": "2024-08-15T19:00:50-04:00",
                    "time_utc": "2024-08-15T23:00:50Z",
                    "time_raw": {
                      "date": "2024-08-15",
                      "time": "19:00:50",
                      "timezone": "-04:00"
                    },
                    "description": "Delivered",
                    "location": "HINESVILLE, GA, US",
                    "stage": "Delivered",
                    "sub_status": "Delivered_Other",
                    "address": {
                      "country": "US",
                      "state": "GA",
                      "city": "HINESVILLE",
                      "street": null,
                      "postal_code": "31313",
                      "coordinates": {
                        "longitude": null,
                        "latitude": null
                      }
                    }
                  },
                  {
                    "time_iso": "2024-08-15T10:17:45-04:00",
                    "time_utc": "2024-08-15T14:17:45Z",
                    "time_raw": {
                      "date": "2024-08-15",
                      "time": "10:17:45",
                      "timezone": "-04:00"
                    },
                    "description": "Out For Delivery Today",
                    "location": "Savannah, GA, US",
                    "stage": "OutForDelivery",
                    "sub_status": "OutForDelivery_Other",
                    "address": {
                      "country": "US",
                      "state": "GA",
                      "city": "Savannah",
                      "street": null,
                      "postal_code": null,
                      "coordinates": {
                        "longitude": null,
                        "latitude": null
                      }
                    }
                  },
                  {
                    "time_iso": "2024-08-15T05:45:24-04:00",
                    "time_utc": "2024-08-15T09:45:24Z",
                    "time_raw": {
                      "date": "2024-08-15",
                      "time": "05:45:24",
                      "timezone": "-04:00"
                    },
                    "description": "Processing at UPS Facility",
                    "location": "Savannah, GA, US",
                    "stage": null,
                    "sub_status": "InTransit_Other",
                    "address": {
                      "country": "US",
                      "state": "GA",
                      "city": "Savannah",
                      "street": null,
                      "postal_code": null,
                      "coordinates": {
                        "longitude": null,
                        "latitude": null
                      }
                    }
                  },
                  {
                    "time_iso": "2024-08-14T21:10:00-04:00",
                    "time_utc": "2024-08-15T01:10:00Z",
                    "time_raw": {
                      "date": "2024-08-14",
                      "time": "21:10:00",
                      "timezone": "-04:00"
                    },
                    "description": "Arrived at Facility",
                    "location": "Savannah, GA, US",
                    "stage": null,
                    "sub_status": "InTransit_Other",
                    "address": {
                      "country": "US",
                      "state": "GA",
                      "city": "Savannah",
                      "street": null,
                      "postal_code": null,
                      "coordinates": {
                        "longitude": null,
                        "latitude": null
                      }
                    }
                  },
                  {
                    "time_iso": "2024-08-14T19:39:00-04:00",
                    "time_utc": "2024-08-14T23:39:00Z",
                    "time_raw": {
                      "date": "2024-08-14",
                      "time": "19:39:00",
                      "timezone": "-04:00"
                    },
                    "description": "Departed from Facility",
                    "location": "Brunswick, GA, US",
                    "stage": null,
                    "sub_status": "InTransit_Other",
                    "address": {
                      "country": "US",
                      "state": "GA",
                      "city": "Brunswick",
                      "street": null,
                      "postal_code": null,
                      "coordinates": {
                        "longitude": null,
                        "latitude": null
                      }
                    }
                  },
                  {
                    "time_iso": "2024-08-14T19:02:00-04:00",
                    "time_utc": "2024-08-14T23:02:00Z",
                    "time_raw": {
                      "date": "2024-08-14",
                      "time": "19:02:00",
                      "timezone": "-04:00"
                    },
                    "description": "Arrived at Facility",
                    "location": "Brunswick, GA, US",
                    "stage": null,
                    "sub_status": "InTransit_Other",
                    "address": {
                      "country": "US",
                      "state": "GA",
                      "city": "Brunswick",
                      "street": null,
                      "postal_code": null,
                      "coordinates": {
                        "longitude": null,
                        "latitude": null
                      }
                    }
                  },
                  {
                    "time_iso": "2024-08-14T17:20:00-04:00",
                    "time_utc": "2024-08-14T21:20:00Z",
                    "time_raw": {
                      "date": "2024-08-14",
                      "time": "17:20:00",
                      "timezone": "-04:00"
                    },
                    "description": "Departed from Facility",
                    "location": "Jacksonville, FL, US",
                    "stage": null,
                    "sub_status": "InTransit_Other",
                    "address": {
                      "country": "US",
                      "state": "FL",
                      "city": "Jacksonville",
                      "street": null,
                      "postal_code": null,
                      "coordinates": {
                        "longitude": null,
                        "latitude": null
                      }
                    }
                  },
                  {
                    "time_iso": "2024-08-13T19:17:00-04:00",
                    "time_utc": "2024-08-13T23:17:00Z",
                    "time_raw": {
                      "date": "2024-08-13",
                      "time": "19:17:00",
                      "timezone": "-04:00"
                    },
                    "description": "Arrived at Facility",
                    "location": "Jacksonville, FL, US",
                    "stage": null,
                    "sub_status": "InTransit_Other",
                    "address": {
                      "country": "US",
                      "state": "FL",
                      "city": "Jacksonville",
                      "street": null,
                      "postal_code": null,
                      "coordinates": {
                        "longitude": null,
                        "latitude": null
                      }
                    }
                  },
                  {
                    "time_iso": "2024-08-13T18:50:00-04:00",
                    "time_utc": "2024-08-13T22:50:00Z",
                    "time_raw": {
                      "date": "2024-08-13",
                      "time": "18:50:00",
                      "timezone": "-04:00"
                    },
                    "description": "Due to weather, your package is delayed by one business day.",
                    "location": null,
                    "stage": null,
                    "sub_status": "Exception_Delayed",
                    "address": {
                      "country": null,
                      "state": null,
                      "city": null,
                      "street": null,
                      "postal_code": null,
                      "coordinates": {
                        "longitude": null,
                        "latitude": null
                      }
                    }
                  },
                  {
                    "time_iso": "2024-08-09T02:56:00-07:00",
                    "time_utc": "2024-08-09T09:56:00Z",
                    "time_raw": {
                      "date": "2024-08-09",
                      "time": "02:56:00",
                      "timezone": "-07:00"
                    },
                    "description": "Departed from Facility",
                    "location": "Baldwin Park, CA, US",
                    "stage": null,
                    "sub_status": "InTransit_Other",
                    "address": {
                      "country": "US",
                      "state": "CA",
                      "city": "Baldwin Park",
                      "street": null,
                      "postal_code": null,
                      "coordinates": {
                        "longitude": null,
                        "latitude": null
                      }
                    }
                  },
                  {
                    "time_iso": "2024-08-08T20:51:28-07:00",
                    "time_utc": "2024-08-09T03:51:28Z",
                    "time_raw": {
                      "date": "2024-08-08",
                      "time": "20:51:28",
                      "timezone": "-07:00"
                    },
                    "description": "Arrived at Facility",
                    "location": "Baldwin Park, CA, US",
                    "stage": null,
                    "sub_status": "InTransit_Other",
                    "address": {
                      "country": "US",
                      "state": "CA",
                      "city": "Baldwin Park",
                      "street": null,
                      "postal_code": null,
                      "coordinates": {
                        "longitude": null,
                        "latitude": null
                      }
                    }
                  },
                  {
                    "time_iso": "2024-08-08T13:20:00-07:00",
                    "time_utc": "2024-08-08T20:20:00Z",
                    "time_raw": {
                      "date": "2024-08-08",
                      "time": "13:20:00",
                      "timezone": "-07:00"
                    },
                    "description": "Drop-Off",
                    "location": "Baldwin Park, CA, US",
                    "stage": "PickedUp",
                    "sub_status": "InTransit_PickedUp",
                    "address": {
                      "country": "US",
                      "state": "CA",
                      "city": "Baldwin Park",
                      "street": null,
                      "postal_code": null,
                      "coordinates": {
                        "longitude": null,
                        "latitude": null
                      }
                    }
                  },
                  {
                    "time_iso": "2024-07-29T23:40:16-07:00",
                    "time_utc": "2024-07-30T06:40:16Z",
                    "time_raw": {
                      "date": "2024-07-29",
                      "time": "23:40:16",
                      "timezone": "-07:00"
                    },
                    "description": "Shipper created a label, UPS has not received the package yet.",
                    "location": "US",
                    "stage": "InfoReceived",
                    "sub_status": "InfoReceived",
                    "address": {
                      "country": "US",
                      "state": null,
                      "city": null,
                      "street": null,
                      "postal_code": null,
                      "coordinates": {
                        "longitude": null,
                        "latitude": null
                      }
                    }
                  }
                ]
              }
            ]
          }
        }
      }
    ],
    "rejected": []
  }
}
2024-08-29 23:47:05,440 - track_and_parse.py - 91 - INFO - accepted_data:{'number': '1ZF203H80313920646', 'carrier': 100002, 'param': None, 'tag': None, 'track_info': {'shipping_info': {'shipper_address': {'country': 'US', 'state': 'CA', 'city': 'ONTARIO', 'street': None, 'postal_code': '917624262', 'coordinates': {'longitude': None, 'latitude': None}}, 'recipient_address': {'country': 'US', 'state': 'GA', 'city': 'HINESVILLE', 'street': None, 'postal_code': '31313', 'coordinates': {'longitude': None, 'latitude': None}}}, 'latest_status': {'status': 'Delivered', 'sub_status': 'Delivered_Other', 'sub_status_descr': None}, 'latest_event': {'time_iso': '2024-08-15T19:00:50-04:00', 'time_utc': '2024-08-15T23:00:50Z', 'time_raw': {'date': '2024-08-15', 'time': '19:00:50', 'timezone': '-04:00'}, 'description': 'Delivered', 'location': 'HINESVILLE, GA, US', 'stage': 'Delivered', 'sub_status': 'Delivered_Other', 'address': {'country': 'US', 'state': 'GA', 'city': 'HINESVILLE', 'street': None, 'postal_code': '31313', 'coordinates': {'longitude': None, 'latitude': None}}}, 'time_metrics': {'days_after_order': 17, 'days_of_transit': 8, 'days_of_transit_done': 8, 'days_after_last_update': 0, 'estimated_delivery_date': {'source': None, 'from': None, 'to': None}}, 'milestone': [{'key_stage': 'InfoReceived', 'time_iso': '2024-07-29T23:40:16-07:00', 'time_utc': '2024-07-30T06:40:16Z', 'time_raw': {'date': '2024-07-29', 'time': '23:40:16', 'timezone': '-07:00'}}, {'key_stage': 'PickedUp', 'time_iso': '2024-08-08T13:20:00-07:00', 'time_utc': '2024-08-08T20:20:00Z', 'time_raw': {'date': '2024-08-08', 'time': '13:20:00', 'timezone': '-07:00'}}, {'key_stage': 'Departure', 'time_iso': None, 'time_utc': None, 'time_raw': {'date': None, 'time': None, 'timezone': None}}, {'key_stage': 'Arrival', 'time_iso': None, 'time_utc': None, 'time_raw': {'date': None, 'time': None, 'timezone': None}}, {'key_stage': 'AvailableForPickup', 'time_iso': None, 'time_utc': None, 'time_raw': {'date': None, 'time': None, 'timezone': None}}, {'key_stage': 'OutForDelivery', 'time_iso': '2024-08-15T10:17:45-04:00', 'time_utc': '2024-08-15T14:17:45Z', 'time_raw': {'date': '2024-08-15', 'time': '10:17:45', 'timezone': '-04:00'}}, {'key_stage': 'Delivered', 'time_iso': '2024-08-15T19:00:50-04:00', 'time_utc': '2024-08-15T23:00:50Z', 'time_raw': {'date': '2024-08-15', 'time': '19:00:50', 'timezone': '-04:00'}}, {'key_stage': 'Returning', 'time_iso': None, 'time_utc': None, 'time_raw': {'date': None, 'time': None, 'timezone': None}}, {'key_stage': 'Returned', 'time_iso': None, 'time_utc': None, 'time_raw': {'date': None, 'time': None, 'timezone': None}}], 'misc_info': {'risk_factor': 0, 'service_type': 'UPS Ground', 'weight_raw': '6.00LBS', 'weight_kg': '2.72', 'pieces': None, 'dimensions': None, 'customer_number': None, 'reference_number': '2701332572', 'local_number': None, 'local_provider': None, 'local_key': 0}, 'tracking': {'providers_hash': 891383188, 'providers': [{'provider': {'key': 100002, 'name': 'UPS', 'alias': 'UPS', 'tel': '+1 (800) 742-5877', 'homepage': 'https://www.ups.com/', 'country': 'US'}, 'provider_lang': None, 'service_type': 'UPS Ground', 'latest_sync_status': 'Success', 'latest_sync_time': '2024-08-29T15:05:16Z', 'events_hash': -1966095217, 'events': [{'time_iso': '2024-08-15T19:00:50-04:00', 'time_utc': '2024-08-15T23:00:50Z', 'time_raw': {'date': '2024-08-15', 'time': '19:00:50', 'timezone': '-04:00'}, 'description': 'Delivered', 'location': 'HINESVILLE, GA, US', 'stage': 'Delivered', 'sub_status': 'Delivered_Other', 'address': {'country': 'US', 'state': 'GA', 'city': 'HINESVILLE', 'street': None, 'postal_code': '31313', 'coordinates': {'longitude': None, 'latitude': None}}}, {'time_iso': '2024-08-15T10:17:45-04:00', 'time_utc': '2024-08-15T14:17:45Z', 'time_raw': {'date': '2024-08-15', 'time': '10:17:45', 'timezone': '-04:00'}, 'description': 'Out For Delivery Today', 'location': 'Savannah, GA, US', 'stage': 'OutForDelivery', 'sub_status': 'OutForDelivery_Other', 'address': {'country': 'US', 'state': 'GA', 'city': 'Savannah', 'street': None, 'postal_code': None, 'coordinates': {'longitude': None, 'latitude': None}}}, {'time_iso': '2024-08-15T05:45:24-04:00', 'time_utc': '2024-08-15T09:45:24Z', 'time_raw': {'date': '2024-08-15', 'time': '05:45:24', 'timezone': '-04:00'}, 'description': 'Processing at UPS Facility', 'location': 'Savannah, GA, US', 'stage': None, 'sub_status': 'InTransit_Other', 'address': {'country': 'US', 'state': 'GA', 'city': 'Savannah', 'street': None, 'postal_code': None, 'coordinates': {'longitude': None, 'latitude': None}}}, {'time_iso': '2024-08-14T21:10:00-04:00', 'time_utc': '2024-08-15T01:10:00Z', 'time_raw': {'date': '2024-08-14', 'time': '21:10:00', 'timezone': '-04:00'}, 'description': 'Arrived at Facility', 'location': 'Savannah, GA, US', 'stage': None, 'sub_status': 'InTransit_Other', 'address': {'country': 'US', 'state': 'GA', 'city': 'Savannah', 'street': None, 'postal_code': None, 'coordinates': {'longitude': None, 'latitude': None}}}, {'time_iso': '2024-08-14T19:39:00-04:00', 'time_utc': '2024-08-14T23:39:00Z', 'time_raw': {'date': '2024-08-14', 'time': '19:39:00', 'timezone': '-04:00'}, 'description': 'Departed from Facility', 'location': 'Brunswick, GA, US', 'stage': None, 'sub_status': 'InTransit_Other', 'address': {'country': 'US', 'state': 'GA', 'city': 'Brunswick', 'street': None, 'postal_code': None, 'coordinates': {'longitude': None, 'latitude': None}}}, {'time_iso': '2024-08-14T19:02:00-04:00', 'time_utc': '2024-08-14T23:02:00Z', 'time_raw': {'date': '2024-08-14', 'time': '19:02:00', 'timezone': '-04:00'}, 'description': 'Arrived at Facility', 'location': 'Brunswick, GA, US', 'stage': None, 'sub_status': 'InTransit_Other', 'address': {'country': 'US', 'state': 'GA', 'city': 'Brunswick', 'street': None, 'postal_code': None, 'coordinates': {'longitude': None, 'latitude': None}}}, {'time_iso': '2024-08-14T17:20:00-04:00', 'time_utc': '2024-08-14T21:20:00Z', 'time_raw': {'date': '2024-08-14', 'time': '17:20:00', 'timezone': '-04:00'}, 'description': 'Departed from Facility', 'location': 'Jacksonville, FL, US', 'stage': None, 'sub_status': 'InTransit_Other', 'address': {'country': 'US', 'state': 'FL', 'city': 'Jacksonville', 'street': None, 'postal_code': None, 'coordinates': {'longitude': None, 'latitude': None}}}, {'time_iso': '2024-08-13T19:17:00-04:00', 'time_utc': '2024-08-13T23:17:00Z', 'time_raw': {'date': '2024-08-13', 'time': '19:17:00', 'timezone': '-04:00'}, 'description': 'Arrived at Facility', 'location': 'Jacksonville, FL, US', 'stage': None, 'sub_status': 'InTransit_Other', 'address': {'country': 'US', 'state': 'FL', 'city': 'Jacksonville', 'street': None, 'postal_code': None, 'coordinates': {'longitude': None, 'latitude': None}}}, {'time_iso': '2024-08-13T18:50:00-04:00', 'time_utc': '2024-08-13T22:50:00Z', 'time_raw': {'date': '2024-08-13', 'time': '18:50:00', 'timezone': '-04:00'}, 'description': 'Due to weather, your package is delayed by one business day.', 'location': None, 'stage': None, 'sub_status': 'Exception_Delayed', 'address': {'country': None, 'state': None, 'city': None, 'street': None, 'postal_code': None, 'coordinates': {'longitude': None, 'latitude': None}}}, {'time_iso': '2024-08-09T02:56:00-07:00', 'time_utc': '2024-08-09T09:56:00Z', 'time_raw': {'date': '2024-08-09', 'time': '02:56:00', 'timezone': '-07:00'}, 'description': 'Departed from Facility', 'location': 'Baldwin Park, CA, US', 'stage': None, 'sub_status': 'InTransit_Other', 'address': {'country': 'US', 'state': 'CA', 'city': 'Baldwin Park', 'street': None, 'postal_code': None, 'coordinates': {'longitude': None, 'latitude': None}}}, {'time_iso': '2024-08-08T20:51:28-07:00', 'time_utc': '2024-08-09T03:51:28Z', 'time_raw': {'date': '2024-08-08', 'time': '20:51:28', 'timezone': '-07:00'}, 'description': 'Arrived at Facility', 'location': 'Baldwin Park, CA, US', 'stage': None, 'sub_status': 'InTransit_Other', 'address': {'country': 'US', 'state': 'CA', 'city': 'Baldwin Park', 'street': None, 'postal_code': None, 'coordinates': {'longitude': None, 'latitude': None}}}, {'time_iso': '2024-08-08T13:20:00-07:00', 'time_utc': '2024-08-08T20:20:00Z', 'time_raw': {'date': '2024-08-08', 'time': '13:20:00', 'timezone': '-07:00'}, 'description': 'Drop-Off', 'location': 'Baldwin Park, CA, US', 'stage': 'PickedUp', 'sub_status': 'InTransit_PickedUp', 'address': {'country': 'US', 'state': 'CA', 'city': 'Baldwin Park', 'street': None, 'postal_code': None, 'coordinates': {'longitude': None, 'latitude': None}}}, {'time_iso': '2024-07-29T23:40:16-07:00', 'time_utc': '2024-07-30T06:40:16Z', 'time_raw': {'date': '2024-07-29', 'time': '23:40:16', 'timezone': '-07:00'}, 'description': 'Shipper created a label, UPS has not received the package yet.', 'location': 'US', 'stage': 'InfoReceived', 'sub_status': 'InfoReceived', 'address': {'country': 'US', 'state': None, 'city': None, 'street': None, 'postal_code': None, 'coordinates': {'longitude': None, 'latitude': None}}}]}]}}}
2024-08-29 23:47:05,440 - track_and_parse.py - 114 - INFO - 共处理 1 批次
2024-08-29 23:47:05,441 - track_and_parse.py - 115 - WARNING - rejected_logistic_info:[]
2024-08-29 23:47:05,450 - track_and_parse.py - 144 - INFO - 已更新 CSV 文件: data/逊士贸易订单总览.csv
